<?xml version="1.0" encoding="UTF-8" ?>
<testsuite tests="1" failures="0" name="TestSuite" time="2.375" errors="0" skipped="0">
  <properties>
    <property name="java.runtime.name" value="Java(TM) SE Runtime Environment"/>
    <property name="java.vm.version" value="12+33"/>
    <property name="sun.boot.library.path" value="D:\JDK\bin"/>
    <property name="java.vm.vendor" value="Oracle Corporation"/>
    <property name="java.vendor.url" value="https://java.oracle.com/"/>
    <property name="path.separator" value=";"/>
    <property name="java.vm.name" value="Java HotSpot(TM) 64-Bit Server VM"/>
    <property name="sun.os.patch.level" value=""/>
    <property name="user.script" value=""/>
    <property name="user.country" value="CN"/>
    <property name="sun.java.launcher" value="SUN_STANDARD"/>
    <property name="java.vm.specification.name" value="Java Virtual Machine Specification"/>
    <property name="user.dir" value="E:\JAVAWORKSPACE\AutoTest"/>
    <property name="java.vm.compressedOopsMode" value="Zero based"/>
    <property name="java.runtime.version" value="12+33"/>
    <property name="java.awt.graphicsenv" value="sun.awt.Win32GraphicsEnvironment"/>
    <property name="basedir" value="E:\JAVAWORKSPACE\AutoTest"/>
    <property name="os.arch" value="amd64"/>
    <property name="surefire.real.class.path" value="E:\JAVAWORKSPACE\AutoTest\target\surefire\surefirebooter1797598815081082563.jar"/>
    <property name="java.io.tmpdir" value="C:\Users\gist\AppData\Local\Temp\"/>
    <property name="line.separator" value="
"/>
    <property name="java.vm.specification.vendor" value="Oracle Corporation"/>
    <property name="user.variant" value=""/>
    <property name="os.name" value="Windows 10"/>
    <property name="sun.jnu.encoding" value="GBK"/>
    <property name="java.library.path" value="D:\JDK\bin;C:\Windows\Sun\Java\bin;C:\Windows\system32;C:\Windows;D:\software\mysql\mysql-8.0.15-winx64\bin;D:\python\python3\Scripts\;D:\python\python3\;C:\Windows\system32;C:\Windows;C:\Windows\System32\Wbem;C:\Windows\System32\WindowsPowerShell\v1.0\;C:\Windows\System32\OpenSSH\;D:\JDK\bin;D:\python\python2\;D:\python\python2\Scripts\;E:\0425GIT\Git\cmd;D:\software\otp_win64_21.3\erl10.3\bin;D:\software\0428adb_platform-tools\platform-tools;D:\software\allure-2.7.0\bin;D:\software\apache-maven-3.6.1\apache-maven-3.6.1\bin;D:\GO\bin;C:\Users\gist\AppData\Local\Microsoft\WindowsApps;;D:\software\ideaIU-2019.1\IntelliJ IDEA 2019.1\bin;;D:\software\pycharm-professional-2019.1.1\PyCharm 2019.1.1\bin;;D:\software\FiddlerSetup\Fiddler;D:\software\goland\GoLand 2019.1.3\bin;;C:\Users\gist\go\bin;."/>
    <property name="surefire.test.class.path" value="E:\JAVAWORKSPACE\AutoTest\target\test-classes;E:\JAVAWORKSPACE\AutoTest\target\classes;C:\Users\gist\.m2\repository\org\apache\httpcomponents\httpclient\4.1.2\httpclient-4.1.2.jar;C:\Users\gist\.m2\repository\org\apache\httpcomponents\httpcore\4.1.2\httpcore-4.1.2.jar;C:\Users\gist\.m2\repository\commons-codec\commons-codec\1.4\commons-codec-1.4.jar;C:\Users\gist\.m2\repository\org\testng\testng\6.10\testng-6.10.jar;C:\Users\gist\.m2\repository\com\beust\jcommander\1.72\jcommander-1.72.jar;C:\Users\gist\.m2\repository\com\relevantcodes\extentreports\2.41.1\extentreports-2.41.1.jar;C:\Users\gist\.m2\repository\org\jsoup\jsoup\1.8.3\jsoup-1.8.3.jar;C:\Users\gist\.m2\repository\org\xerial\sqlite-jdbc\3.8.11.1\sqlite-jdbc-3.8.11.1.jar;C:\Users\gist\.m2\repository\org\freemarker\freemarker\2.3.23\freemarker-2.3.23.jar;C:\Users\gist\.m2\repository\org\mongodb\mongodb-driver\3.0.4\mongodb-driver-3.0.4.jar;C:\Users\gist\.m2\repository\org\mongodb\bson\3.0.4\bson-3.0.4.jar;C:\Users\gist\.m2\repository\org\mongodb\mongodb-driver-core\3.0.4\mongodb-driver-core-3.0.4.jar;C:\Users\gist\.m2\repository\com\vimalselvam\testng-extentsreport\1.3.1\testng-extentsreport-1.3.1.jar;C:\Users\gist\.m2\repository\com\google\guava\guava\20.0\guava-20.0.jar;C:\Users\gist\.m2\repository\com\aventstack\extentreports\3.0.6\extentreports-3.0.6.jar;C:\Users\gist\.m2\repository\org\apache\httpcomponents\httpmime\4.5.2\httpmime-4.5.2.jar;C:\Users\gist\.m2\repository\com\alibaba\fastjson\1.2.41\fastjson-1.2.41.jar;C:\Users\gist\.m2\repository\com\google\code\gson\gson\2.2.4\gson-2.2.4.jar;C:\Users\gist\.m2\repository\javax\servlet\servlet-api\2.5\servlet-api-2.5.jar;C:\Users\gist\.m2\repository\commons-logging\commons-logging\1.2\commons-logging-1.2.jar;C:\Users\gist\.m2\repository\log4j\log4j\1.2.17\log4j-1.2.17.jar;C:\Users\gist\.m2\repository\org\slf4j\slf4j-api\1.7.25\slf4j-api-1.7.25.jar;"/>
    <property name="jdk.debug" value="release"/>
    <property name="java.class.version" value="56.0"/>
    <property name="java.specification.name" value="Java Platform API Specification"/>
    <property name="sun.management.compiler" value="HotSpot 64-Bit Tiered Compilers"/>
    <property name="os.version" value="10.0"/>
    <property name="user.home" value="C:\Users\gist"/>
    <property name="user.timezone" value="Asia/Shanghai"/>
    <property name="file.encoding" value="UTF-8"/>
    <property name="java.specification.version" value="12"/>
    <property name="user.name" value="gist"/>
    <property name="java.class.path" value="E:\JAVAWORKSPACE\AutoTest\target\test-classes;E:\JAVAWORKSPACE\AutoTest\target\classes;C:\Users\gist\.m2\repository\org\apache\httpcomponents\httpclient\4.1.2\httpclient-4.1.2.jar;C:\Users\gist\.m2\repository\org\apache\httpcomponents\httpcore\4.1.2\httpcore-4.1.2.jar;C:\Users\gist\.m2\repository\commons-codec\commons-codec\1.4\commons-codec-1.4.jar;C:\Users\gist\.m2\repository\org\testng\testng\6.10\testng-6.10.jar;C:\Users\gist\.m2\repository\com\beust\jcommander\1.72\jcommander-1.72.jar;C:\Users\gist\.m2\repository\com\relevantcodes\extentreports\2.41.1\extentreports-2.41.1.jar;C:\Users\gist\.m2\repository\org\jsoup\jsoup\1.8.3\jsoup-1.8.3.jar;C:\Users\gist\.m2\repository\org\xerial\sqlite-jdbc\3.8.11.1\sqlite-jdbc-3.8.11.1.jar;C:\Users\gist\.m2\repository\org\freemarker\freemarker\2.3.23\freemarker-2.3.23.jar;C:\Users\gist\.m2\repository\org\mongodb\mongodb-driver\3.0.4\mongodb-driver-3.0.4.jar;C:\Users\gist\.m2\repository\org\mongodb\bson\3.0.4\bson-3.0.4.jar;C:\Users\gist\.m2\repository\org\mongodb\mongodb-driver-core\3.0.4\mongodb-driver-core-3.0.4.jar;C:\Users\gist\.m2\repository\com\vimalselvam\testng-extentsreport\1.3.1\testng-extentsreport-1.3.1.jar;C:\Users\gist\.m2\repository\com\google\guava\guava\20.0\guava-20.0.jar;C:\Users\gist\.m2\repository\com\aventstack\extentreports\3.0.6\extentreports-3.0.6.jar;C:\Users\gist\.m2\repository\org\apache\httpcomponents\httpmime\4.5.2\httpmime-4.5.2.jar;C:\Users\gist\.m2\repository\com\alibaba\fastjson\1.2.41\fastjson-1.2.41.jar;C:\Users\gist\.m2\repository\com\google\code\gson\gson\2.2.4\gson-2.2.4.jar;C:\Users\gist\.m2\repository\javax\servlet\servlet-api\2.5\servlet-api-2.5.jar;C:\Users\gist\.m2\repository\commons-logging\commons-logging\1.2\commons-logging-1.2.jar;C:\Users\gist\.m2\repository\log4j\log4j\1.2.17\log4j-1.2.17.jar;C:\Users\gist\.m2\repository\org\slf4j\slf4j-api\1.7.25\slf4j-api-1.7.25.jar;"/>
    <property name="java.vm.specification.version" value="12"/>
    <property name="sun.arch.data.model" value="64"/>
    <property name="sun.java.command" value="E:\JAVAWORKSPACE\AutoTest\target\surefire\surefirebooter1797598815081082563.jar E:\JAVAWORKSPACE\AutoTest\target\surefire\surefire16991890961581356724tmp E:\JAVAWORKSPACE\AutoTest\target\surefire\surefire8593651120625292135tmp"/>
    <property name="java.home" value="D:\JDK"/>
    <property name="user.language" value="zh"/>
    <property name="java.specification.vendor" value="Oracle Corporation"/>
    <property name="awt.toolkit" value="sun.awt.windows.WToolkit"/>
    <property name="java.vm.info" value="mixed mode, sharing"/>
    <property name="java.version" value="12"/>
    <property name="java.vendor" value="Oracle Corporation"/>
    <property name="localRepository" value="C:\Users\gist\.m2\repository"/>
    <property name="file.separator" value="\"/>
    <property name="java.version.date" value="2019-03-19"/>
    <property name="java.vendor.url.bug" value="https://bugreport.java.com/bugreport/"/>
    <property name="sun.io.unicode.encoding" value="UnicodeLittle"/>
    <property name="sun.cpu.endian" value="little"/>
    <property name="sun.desktop" value="windows"/>
    <property name="sun.cpu.isalist" value="amd64"/>
  </properties>
  <testcase classname="test_case.test_eusd_buy_0" name="eusd_buy_0_1" time="0.011"/>
</testsuite>