<?xml version="1.0" encoding="UTF-8"?>
<!-- Generated by org.testng.reporters.JUnitReportReporter -->
<testsuite ignored="0" hostname="DESKTOP-NP9Q0C4" failures="0" tests="1" name="test_case.test_eusd_buy_0" time="0.010" errors="0" timestamp="02 7æœˆ 2019 07:25:35 GMT" skipped="0">
  <testcase classname="test_case.test_eusd_buy_0" name="eusd_buy_0_1" time="0.010"/>
</testsuite> <!-- test_case.test_eusd_buy_0 -->
